# JRE version: OpenJDK Runtime Environment JBR-11.0.9.11-1145.21-jcef (11.0.9+11) (build 11.0.9+11-b1145.21)
# Java VM: OpenJDK 64-Bit Server VM JBR-11.0.9.11-1145.21-jcef (11.0.9+11-b1145.21, mixed mode, tiered, compressed oops, concurrent mark sweep gc, bsd-amd64)
Heap:
 par new generation   total 629120K, used 547273K [0x0000000780000000, 0x00000007aaaa0000, 0x00000007aaaa0000)
  eden space 559232K,  93% used [0x0000000780000000, 0x000000079fed5d10, 0x00000007a2220000)
  from space 69888K,  34% used [0x00000007a6660000, 0x00000007a7dfc880, 0x00000007aaaa0000)
  to   space 69888K,   0% used [0x00000007a2220000, 0x00000007a2220000, 0x00000007a6660000)
 concurrent mark-sweep generation total 1398144K, used 1080736K [0x00000007aaaa0000, 0x0000000800000000, 0x0000000800000000)
 Metaspace       used 431707K, capacity 449096K, committed 450516K, reserved 1441792K
  class space    used 50684K, capacity 57513K, committed 58056K, reserved 1048576K
GC Heap History (20 events):
Event: 73833.203 GC heap before
{Heap before GC invocations=6248 (full 48):
 par new generation   total 629120K, used 578184K [0x0000000780000000, 0x00000007aaaa0000, 0x00000007aaaa0000)
  eden space 559232K, 100% used [0x0000000780000000, 0x00000007a2220000, 0x00000007a2220000)
  from space 69888K,  27% used [0x00000007a6660000, 0x00000007a78e2308, 0x00000007aaaa0000)
  to   space 69888K,   0% used [0x00000007a2220000, 0x00000007a2220000, 0x00000007a6660000)
 concurrent mark-sweep generation total 1398144K, used 1034024K [0x00000007aaaa0000, 0x0000000800000000, 0x0000000800000000)
 Metaspace       used 431585K, capacity 448899K, committed 450516K, reserved 1441792K
  class space    used 50678K, capacity 57502K, committed 58056K, reserved 1048576K
}
Event: 73833.211 GC heap after
{Heap after GC invocations=6249 (full 48):
 par new generation   total 629120K, used 28556K [0x0000000780000000, 0x00000007aaaa0000, 0x00000007aaaa0000)
  eden space 559232K,   0% used [0x0000000780000000, 0x0000000780000000, 0x00000007a2220000)
  from space 69888K,  40% used [0x00000007a2220000, 0x00000007a3e03348, 0x00000007a6660000)
  to   space 69888K,   0% used [0x00000007a6660000, 0x00000007a6660000, 0x00000007aaaa0000)
 concurrent mark-sweep generation total 1398144K, used 1036281K [0x00000007aaaa0000, 0x0000000800000000, 0x0000000800000000)
 Metaspace       used 431585K, capacity 448899K, committed 450516K, reserved 1441792K
  class space    used 50678K, capacity 57502K, committed 58056K, reserved 1048576K
}
Event: 73837.557 GC heap before
{Heap before GC invocations=6249 (full 48):
 par new generation   total 629120K, used 587788K [0x0000000780000000, 0x00000007aaaa0000, 0x00000007aaaa0000)
  eden space 559232K, 100% used [0x0000000780000000, 0x00000007a2220000, 0x00000007a2220000)
  from space 69888K,  40% used [0x00000007a2220000, 0x00000007a3e03348, 0x00000007a6660000)
  to   space 69888K,   0% used [0x00000007a6660000, 0x00000007a6660000, 0x00000007aaaa0000)
 concurrent mark-sweep generation total 1398144K, used 1036281K [0x00000007aaaa0000, 0x0000000800000000, 0x0000000800000000)
 Metaspace       used 431585K, capacity 448899K, committed 450516K, reserved 1441792K
  class space    used 50678K, capacity 57502K, committed 58056K, reserved 1048576K
}
Event: 73837.563 GC heap after
{Heap after GC invocations=6250 (full 48):
 par new generation   total 629120K, used 18108K [0x0000000780000000, 0x00000007aaaa0000, 0x00000007aaaa0000)
  eden space 559232K,   0% used [0x0000000780000000, 0x0000000780000000, 0x00000007a2220000)
  from space 69888K,  25% used [0x00000007a6660000, 0x00000007a780f3c8, 0x00000007aaaa0000)
  to   space 69888K,   0% used [0x00000007a2220000, 0x00000007a2220000, 0x00000007a6660000)
 concurrent mark-sweep generation total 1398144K, used 1037496K [0x00000007aaaa0000, 0x0000000800000000, 0x0000000800000000)
 Metaspace       used 431585K, capacity 448899K, committed 450516K, reserved 1441792K
  class space    used 50678K, capacity 57502K, committed 58056K, reserved 1048576K
}
Event: 73880.372 GC heap before
{Heap before GC invocations=6250 (full 48):
 par new generation   total 629120K, used 577340K [0x0000000780000000, 0x00000007aaaa0000, 0x00000007aaaa0000)
  eden space 559232K, 100% used [0x0000000780000000, 0x00000007a2220000, 0x00000007a2220000)
  from space 69888K,  25% used [0x00000007a6660000, 0x00000007a780f3c8, 0x00000007aaaa0000)
  to   space 69888K,   0% used [0x00000007a2220000, 0x00000007a2220000, 0x00000007a6660000)
 concurrent mark-sweep generation total 1398144K, used 1037496K [0x00000007aaaa0000, 0x0000000800000000, 0x0000000800000000)
 Metaspace       used 431608K, capacity 448899K, committed 450516K, reserved 1441792K
  class space    used 50678K, capacity 57502K, committed 58056K, reserved 1048576K
}
Event: 73880.389 GC heap after
{Heap after GC invocations=6251 (full 48):
 par new generation   total 629120K, used 30859K [0x0000000780000000, 0x00000007aaaa0000, 0x00000007aaaa0000)
  eden space 559232K,   0% used [0x0000000780000000, 0x0000000780000000, 0x00000007a2220000)
  from space 69888K,  44% used [0x00000007a2220000, 0x00000007a4042ce8, 0x00000007a6660000)
  to   space 69888K,   0% used [0x00000007a6660000, 0x00000007a6660000, 0x00000007aaaa0000)
 concurrent mark-sweep generation total 1398144K, used 1037830K [0x00000007aaaa0000, 0x0000000800000000, 0x0000000800000000)
 Metaspace       used 431608K, capacity 448899K, committed 450516K, reserved 1441792K
  class space    used 50678K, capacity 57502K, committed 58056K, reserved 1048576K
}
Event: 73914.215 GC heap before
{Heap before GC invocations=6251 (full 48):
 par new generation   total 629120K, used 590091K [0x0000000780000000, 0x00000007aaaa0000, 0x00000007aaaa0000)
  eden space 559232K, 100% used [0x0000000780000000, 0x00000007a2220000, 0x00000007a2220000)
  from space 69888K,  44% used [0x00000007a2220000, 0x00000007a4042ce8, 0x00000007a6660000)
  to   space 69888K,   0% used [0x00000007a6660000, 0x00000007a6660000, 0x00000007aaaa0000)
 concurrent mark-sweep generation total 1398144K, used 1037830K [0x00000007aaaa0000, 0x0000000800000000, 0x0000000800000000)
 Metaspace       used 431608K, capacity 448899K, committed 450516K, reserved 1441792K
  class space    used 50678K, capacity 57502K, committed 58056K, reserved 1048576K
}
Event: 73914.233 GC heap after
{Heap after GC invocations=6252 (full 48):
 par new generation   total 629120K, used 42648K [0x0000000780000000, 0x00000007aaaa0000, 0x00000007aaaa0000)
  eden space 559232K,   0% used [0x0000000780000000, 0x0000000780000000, 0x00000007a2220000)
  from space 69888K,  61% used [0x00000007a6660000, 0x00000007a9006098, 0x00000007aaaa0000)
  to   space 69888K,   0% used [0x00000007a2220000, 0x00000007a2220000, 0x00000007a6660000)
 concurrent mark-sweep generation total 1398144K, used 1039271K [0x00000007aaaa0000, 0x0000000800000000, 0x0000000800000000)
 Metaspace       used 431608K, capacity 448899K, committed 450516K, reserved 1441792K
  class space    used 50678K, capacity 57502K, committed 58056K, reserved 1048576K
}
Event: 73915.865 GC heap before
{Heap before GC invocations=6252 (full 48):
 par new generation   total 629120K, used 601880K [0x0000000780000000, 0x00000007aaaa0000, 0x00000007aaaa0000)
  eden space 559232K, 100% used [0x0000000780000000, 0x00000007a2220000, 0x00000007a2220000)
  from space 69888K,  61% used [0x00000007a6660000, 0x00000007a9006098, 0x00000007aaaa0000)
  to   space 69888K,   0% used [0x00000007a2220000, 0x00000007a2220000, 0x00000007a6660000)
 concurrent mark-sweep generation total 1398144K, used 1039271K [0x00000007aaaa0000, 0x0000000800000000, 0x0000000800000000)
 Metaspace       used 431614K, capacity 448899K, committed 450516K, reserved 1441792K
  class space    used 50678K, capacity 57502K, committed 58056K, reserved 1048576K
}
Event: 73915.876 GC heap after
{Heap after GC invocations=6253 (full 48):
 par new generation   total 629120K, used 46392K [0x0000000780000000, 0x00000007aaaa0000, 0x00000007aaaa0000)
  eden space 559232K,   0% used [0x0000000780000000, 0x0000000780000000, 0x00000007a2220000)
  from space 69888K,  66% used [0x00000007a2220000, 0x00000007a4f6e2d8, 0x00000007a6660000)
  to   space 69888K,   0% used [0x00000007a6660000, 0x00000007a6660000, 0x00000007aaaa0000)
 concurrent mark-sweep generation total 1398144K, used 1040100K [0x00000007aaaa0000, 0x0000000800000000, 0x0000000800000000)
 Metaspace       used 431614K, capacity 448899K, committed 450516K, reserved 1441792K
  class space    used 50678K, capacity 57502K, committed 58056K, reserved 1048576K
}
Event: 73927.042 GC heap before
{Heap before GC invocations=6253 (full 48):
 par new generation   total 629120K, used 605624K [0x0000000780000000, 0x00000007aaaa0000, 0x00000007aaaa0000)
  eden space 559232K, 100% used [0x0000000780000000, 0x00000007a2220000, 0x00000007a2220000)
  from space 69888K,  66% used [0x00000007a2220000, 0x00000007a4f6e2d8, 0x00000007a6660000)
  to   space 69888K,   0% used [0x00000007a6660000, 0x00000007a6660000, 0x00000007aaaa0000)
 concurrent mark-sweep generation total 1398144K, used 1040100K [0x00000007aaaa0000, 0x0000000800000000, 0x0000000800000000)
 Metaspace       used 431615K, capacity 448900K, committed 450516K, reserved 1441792K
  class space    used 50678K, capacity 57502K, committed 58056K, reserved 1048576K
}
Event: 73927.062 GC heap after
{Heap after GC invocations=6254 (full 48):
 par new generation   total 629120K, used 69888K [0x0000000780000000, 0x00000007aaaa0000, 0x00000007aaaa0000)
  eden space 559232K,   0% used [0x0000000780000000, 0x0000000780000000, 0x00000007a2220000)
  from space 69888K, 100% used [0x00000007a6660000, 0x00000007aaaa0000, 0x00000007aaaa0000)
  to   space 69888K,   0% used [0x00000007a2220000, 0x00000007a2220000, 0x00000007a6660000)
 concurrent mark-sweep generation total 1398144K, used 1040272K [0x00000007aaaa0000, 0x0000000800000000, 0x0000000800000000)
 Metaspace       used 431615K, capacity 448900K, committed 450516K, reserved 1441792K
  class space    used 50678K, capacity 57502K, committed 58056K, reserved 1048576K
}
Event: 73987.971 GC heap before
{Heap before GC invocations=6254 (full 48):
 par new generation   total 629120K, used 629120K [0x0000000780000000, 0x00000007aaaa0000, 0x00000007aaaa0000)
  eden space 559232K, 100% used [0x0000000780000000, 0x00000007a2220000, 0x00000007a2220000)
  from space 69888K, 100% used [0x00000007a6660000, 0x00000007aaaa0000, 0x00000007aaaa0000)
  to   space 69888K,   0% used [0x00000007a2220000, 0x00000007a2220000, 0x00000007a6660000)
 concurrent mark-sweep generation total 1398144K, used 1040272K [0x00000007aaaa0000, 0x0000000800000000, 0x0000000800000000)
 Metaspace       used 431621K, capacity 448906K, committed 450516K, reserved 1441792K
  class space    used 50679K, capacity 57503K, committed 58056K, reserved 1048576K
}
Event: 73988.007 GC heap after
{Heap after GC invocations=6255 (full 48):
 par new generation   total 629120K, used 42757K [0x0000000780000000, 0x00000007aaaa0000, 0x00000007aaaa0000)
  eden space 559232K,   0% used [0x0000000780000000, 0x0000000780000000, 0x00000007a2220000)
  from space 69888K,  61% used [0x00000007a2220000, 0x00000007a4be15d0, 0x00000007a6660000)
  to   space 69888K,   0% used [0x00000007a6660000, 0x00000007a6660000, 0x00000007aaaa0000)
 concurrent mark-sweep generation total 1398144K, used 1080736K [0x00000007aaaa0000, 0x0000000800000000, 0x0000000800000000)
 Metaspace       used 431621K, capacity 448906K, committed 450516K, reserved 1441792K
  class space    used 50679K, capacity 57503K, committed 58056K, reserved 1048576K
}
Event: 74367.663 GC heap before
{Heap before GC invocations=6255 (full 48):
 par new generation   total 629120K, used 601989K [0x0000000780000000, 0x00000007aaaa0000, 0x00000007aaaa0000)
  eden space 559232K, 100% used [0x0000000780000000, 0x00000007a2220000, 0x00000007a2220000)
  from space 69888K,  61% used [0x00000007a2220000, 0x00000007a4be15d0, 0x00000007a6660000)
  to   space 69888K,   0% used [0x00000007a6660000, 0x00000007a6660000, 0x00000007aaaa0000)
 concurrent mark-sweep generation total 1398144K, used 1080736K [0x00000007aaaa0000, 0x0000000800000000, 0x0000000800000000)
 Metaspace       used 431666K, capacity 449015K, committed 450516K, reserved 1441792K
  class space    used 50683K, capacity 57511K, committed 58056K, reserved 1048576K
}
Event: 74367.672 GC heap after
{Heap after GC invocations=6256 (full 48):
 par new generation   total 629120K, used 22856K [0x0000000780000000, 0x00000007aaaa0000, 0x00000007aaaa0000)
  eden space 559232K,   0% used [0x0000000780000000, 0x0000000780000000, 0x00000007a2220000)
  from space 69888K,  32% used [0x00000007a6660000, 0x00000007a7cb20e0, 0x00000007aaaa0000)
  to   space 69888K,   0% used [0x00000007a2220000, 0x00000007a2220000, 0x00000007a6660000)
 concurrent mark-sweep generation total 1398144K, used 1080736K [0x00000007aaaa0000, 0x0000000800000000, 0x0000000800000000)
 Metaspace       used 431666K, capacity 449015K, committed 450516K, reserved 1441792K
  class space    used 50683K, capacity 57511K, committed 58056K, reserved 1048576K
}
Event: 76548.784 GC heap before
{Heap before GC invocations=6256 (full 48):
 par new generation   total 629120K, used 582088K [0x0000000780000000, 0x00000007aaaa0000, 0x00000007aaaa0000)
  eden space 559232K, 100% used [0x0000000780000000, 0x00000007a2220000, 0x00000007a2220000)
  from space 69888K,  32% used [0x00000007a6660000, 0x00000007a7cb20e0, 0x00000007aaaa0000)
  to   space 69888K,   0% used [0x00000007a2220000, 0x00000007a2220000, 0x00000007a6660000)
 concurrent mark-sweep generation total 1398144K, used 1080736K [0x00000007aaaa0000, 0x0000000800000000, 0x0000000800000000)
 Metaspace       used 431683K, capacity 449025K, committed 450516K, reserved 1441792K
  class space    used 50684K, capacity 57512K, committed 58056K, reserved 1048576K
}
Event: 76548.790 GC heap after
{Heap after GC invocations=6257 (full 48):
 par new generation   total 629120K, used 21091K [0x0000000780000000, 0x00000007aaaa0000, 0x00000007aaaa0000)
  eden space 559232K,   0% used [0x0000000780000000, 0x0000000780000000, 0x00000007a2220000)
  from space 69888K,  30% used [0x00000007a2220000, 0x00000007a36b8f08, 0x00000007a6660000)
  to   space 69888K,   0% used [0x00000007a6660000, 0x00000007a6660000, 0x00000007aaaa0000)
 concurrent mark-sweep generation total 1398144K, used 1080736K [0x00000007aaaa0000, 0x0000000800000000, 0x0000000800000000)
 Metaspace       used 431683K, capacity 449025K, committed 450516K, reserved 1441792K
  class space    used 50684K, capacity 57512K, committed 58056K, reserved 1048576K
}
Event: 76929.707 GC heap before
{Heap before GC invocations=6257 (full 48):
 par new generation   total 629120K, used 580323K [0x0000000780000000, 0x00000007aaaa0000, 0x00000007aaaa0000)
  eden space 559232K, 100% used [0x0000000780000000, 0x00000007a2220000, 0x00000007a2220000)
  from space 69888K,  30% used [0x00000007a2220000, 0x00000007a36b8f08, 0x00000007a6660000)
  to   space 69888K,   0% used [0x00000007a6660000, 0x00000007a6660000, 0x00000007aaaa0000)
 concurrent mark-sweep generation total 1398144K, used 1080736K [0x00000007aaaa0000, 0x0000000800000000, 0x0000000800000000)
 Metaspace       used 431704K, capacity 449096K, committed 450516K, reserved 1441792K
  class space    used 50684K, capacity 57513K, committed 58056K, reserved 1048576K
}
Event: 76929.714 GC heap after
{Heap after GC invocations=6258 (full 48):
 par new generation   total 629120K, used 24178K [0x0000000780000000, 0x00000007aaaa0000, 0x00000007aaaa0000)
  eden space 559232K,   0% used [0x0000000780000000, 0x0000000780000000, 0x00000007a2220000)
  from space 69888K,  34% used [0x00000007a6660000, 0x00000007a7dfc880, 0x00000007aaaa0000)
  to   space 69888K,   0% used [0x00000007a2220000, 0x00000007a2220000, 0x00000007a6660000)
 concurrent mark-sweep generation total 1398144K, used 1080736K [0x00000007aaaa0000, 0x0000000800000000, 0x0000000800000000)
 Metaspace       used 431704K, capacity 449096K, committed 450516K, reserved 1441792K
  class space    used 50684K, capacity 57513K, committed 58056K, reserved 1048576K
}

